<?xml version="1.0" encoding="UTF-8"?>
<testsuite xmlns:xsi="http://www.w3.org/2001/XMLSchema-instance" xsi:noNamespaceSchemaLocation="https://maven.apache.org/surefire/maven-surefire-plugin/xsd/surefire-test-report.xsd" name="com.example.flightapp.auth.SecurityIntegrationTest" time="11.426" tests="3" errors="0" skipped="0" failures="0">
  <properties>
[...]
</properties>
  <testcase name="viewerCannotCreateBooking" classname="com.example.flightapp.auth.SecurityIntegrationTest" time="0.42"/>
  <testcase name="unauthenticatedMeReturns401" classname="com.example.flightapp.auth.SecurityIntegrationTest" time="0.015"/>
  <testcase name="agentCannotLaunchBatch" classname="com.example.flightapp.auth.SecurityIntegrationTest" time="0.11"/>
</testsuite>